<?xml version="1.0" encoding="UTF-8"?>
<!-- Generated by org.testng.reporters.JUnitReportReporter -->
<testsuite hostname="natarajans-l01" name="com.betfair.poker.player.PlayerTest" tests="1" failures="0" timestamp="3 Aug 2012 00:13:48 GMT" time="0.012" errors="0">
  <testcase name="anothertEst" time="0.012" classname="com.betfair.poker.player.PlayerTest"/>
</testsuite> <!-- com.betfair.poker.player.PlayerTest -->
