<?xml version="1.0" encoding="UTF-8"?>
<!-- Generated by org.testng.reporters.JUnitReportReporter -->
<testsuite hostname="natarajans-l01" name="com.betfair.poker.table.TableTest" tests="1" failures="0" timestamp="3 Aug 2012 05:33:44 GMT" time="0.023" errors="0">
  <testcase name="testTheWholeThing" time="0.023" classname="com.betfair.poker.table.TableTest"/>
</testsuite> <!-- com.betfair.poker.table.TableTest -->
